# JRE version: OpenJDK Runtime Environment (23.0.1+11) (build 23.0.1+11-39)
# Java VM: OpenJDK 64-Bit Server VM (23.0.1+11-39, mixed mode, sharing, tiered, compressed oops, compressed class ptrs, g1 gc, windows-amd64)
GC Precious Log:
 CardTable entry size: 512
 Card Set container configuration: InlinePtr #cards 5 size 8 Array Of Cards #cards 10 size 36 Howl #buckets 4 coarsen threshold 1843 Howl Bitmap #cards 512 size 80 coarsen threshold 460 Card regions per heap region 1 cards per card region 2048
 CPUs: 4 total, 4 available
 Memory: 7591M
 Large Page Support: Disabled
 NUMA Support: Disabled
 Compressed Oops: Enabled (32-bit)
 Heap Region Size: 1M
 Heap Min Capacity: 8M
 Heap Initial Capacity: 120M
 Heap Max Capacity: 1898M
 Pre-touch: Disabled
 Parallel Workers: 4
 Concurrent Workers: 1
 Concurrent Refinement Workers: 4
 Periodic GC: Disabled
Heap:
 garbage-first heap   total reserved 1943552K, committed 14336K, used 6276K [0x0000000089600000, 0x0000000100000000)
  region size 1024K, 4 young (4096K), 0 survivors (0K)
 Metaspace       used 8518K, committed 8832K, reserved 1114112K
  class space    used 527K, committed 704K, reserved 1048576K
GC Heap History (14 events):
Event: 1.326 GC heap before
{Heap before GC invocations=0 (full 0):
 garbage-first heap   total reserved 1943552K, committed 122880K, used 13312K [0x0000000089600000, 0x0000000100000000)
  region size 1024K, 14 young (14336K), 0 survivors (0K)
 Metaspace       used 5897K, committed 6016K, reserved 1114112K
  class space    used 399K, committed 448K, reserved 1048576K
}
Event: 1.333 GC heap after
{Heap after GC invocations=1 (full 0):
 garbage-first heap   total reserved 1943552K, committed 122880K, used 2987K [0x0000000089600000, 0x0000000100000000)
  region size 1024K, 2 young (2048K), 2 survivors (2048K)
 Metaspace       used 5897K, committed 6016K, reserved 1114112K
  class space    used 399K, committed 448K, reserved 1048576K
}
Event: 12.846 GC heap before
{Heap before GC invocations=1 (full 0):
 garbage-first heap   total reserved 1943552K, committed 122880K, used 15275K [0x0000000089600000, 0x0000000100000000)
  region size 1024K, 15 young (15360K), 2 survivors (2048K)
 Metaspace       used 8514K, committed 8832K, reserved 1114112K
  class space    used 527K, committed 704K, reserved 1048576K
}
Event: 12.854 GC heap after
{Heap after GC invocations=2 (full 0):
 garbage-first heap   total reserved 1943552K, committed 122880K, used 6483K [0x0000000089600000, 0x0000000100000000)
  region size 1024K, 2 young (2048K), 2 survivors (2048K)
 Metaspace       used 8514K, committed 8832K, reserved 1114112K
  class space    used 527K, committed 704K, reserved 1048576K
}
Event: 13.464 GC heap before
{Heap before GC invocations=2 (full 0):
 garbage-first heap   total reserved 1943552K, committed 122880K, used 6483K [0x0000000089600000, 0x0000000100000000)
  region size 1024K, 3 young (3072K), 2 survivors (2048K)
 Metaspace       used 8516K, committed 8832K, reserved 1114112K
  class space    used 527K, committed 704K, reserved 1048576K
}
Event: 13.475 GC heap after
{Heap after GC invocations=3 (full 1):
 garbage-first heap   total reserved 1943552K, committed 14336K, used 3195K [0x0000000089600000, 0x0000000100000000)
  region size 1024K, 0 young (0K), 0 survivors (0K)
 Metaspace       used 8516K, committed 8832K, reserved 1114112K
  class space    used 527K, committed 704K, reserved 1048576K
}
Event: 13.479 GC heap before
{Heap before GC invocations=3 (full 1):
 garbage-first heap   total reserved 1943552K, committed 14336K, used 3195K [0x0000000089600000, 0x0000000100000000)
  region size 1024K, 0 young (0K), 0 survivors (0K)
 Metaspace       used 8516K, committed 8832K, reserved 1114112K
  class space    used 527K, committed 704K, reserved 1048576K
}
Event: 13.492 GC heap after
{Heap after GC invocations=4 (full 2):
 garbage-first heap   total reserved 1943552K, committed 14336K, used 3195K [0x0000000089600000, 0x0000000100000000)
  region size 1024K, 0 young (0K), 0 survivors (0K)
 Metaspace       used 8516K, committed 8832K, reserved 1114112K
  class space    used 527K, committed 704K, reserved 1048576K
}
Event: 18.377 GC heap before
{Heap before GC invocations=4 (full 2):
 garbage-first heap   total reserved 1943552K, committed 14336K, used 8315K [0x0000000089600000, 0x0000000100000000)
  region size 1024K, 5 young (5120K), 0 survivors (0K)
 Metaspace       used 8517K, committed 8832K, reserved 1114112K
  class space    used 527K, committed 704K, reserved 1048576K
}
Event: 18.381 GC heap after
{Heap after GC invocations=5 (full 2):
 garbage-first heap   total reserved 1943552K, committed 14336K, used 6258K [0x0000000089600000, 0x0000000100000000)
  region size 1024K, 1 young (1024K), 1 survivors (1024K)
 Metaspace       used 8517K, committed 8832K, reserved 1114112K
  class space    used 527K, committed 704K, reserved 1048576K
}
Event: 20.109 GC heap before
{Heap before GC invocations=5 (full 2):
 garbage-first heap   total reserved 1943552K, committed 14336K, used 6258K [0x0000000089600000, 0x0000000100000000)
  region size 1024K, 2 young (2048K), 1 survivors (1024K)
 Metaspace       used 8517K, committed 8832K, reserved 1114112K
  class space    used 527K, committed 704K, reserved 1048576K
}
Event: 20.121 GC heap after
{Heap after GC invocations=6 (full 3):
 garbage-first heap   total reserved 1943552K, committed 14336K, used 3204K [0x0000000089600000, 0x0000000100000000)
  region size 1024K, 0 young (0K), 0 survivors (0K)
 Metaspace       used 8517K, committed 8832K, reserved 1114112K
  class space    used 527K, committed 704K, reserved 1048576K
}
Event: 20.122 GC heap before
{Heap before GC invocations=6 (full 3):
 garbage-first heap   total reserved 1943552K, committed 14336K, used 3204K [0x0000000089600000, 0x0000000100000000)
  region size 1024K, 0 young (0K), 0 survivors (0K)
 Metaspace       used 8517K, committed 8832K, reserved 1114112K
  class space    used 527K, committed 704K, reserved 1048576K
}
Event: 20.136 GC heap after
{Heap after GC invocations=7 (full 4):
 garbage-first heap   total reserved 1943552K, committed 14336K, used 3204K [0x0000000089600000, 0x0000000100000000)
  region size 1024K, 0 young (0K), 0 survivors (0K)
 Metaspace       used 8517K, committed 8832K, reserved 1114112K
  class space    used 527K, committed 704K, reserved 1048576K
}

